<?xml version="1.0" encoding="UTF-8" standalone="no"?><Controller><Room id="Classroom 103"><Cabinet x="10" y="7"/></Room><Room id="SW Hallway"><Cabinet x="14" y="11"/><Cabinet x="14" y="17"/><Item type="Weapon" weaponType="ScatterGun" x="6" y="25"/><Item type="Torch" x="7" y="23"/><Item type="Weapon" weaponType="Pistol" x="10" y="19"/><Item type="Torch" x="11" y="2"/></Room><Room id="NW Hallway"><Cabinet x="1" y="4"/><Cabinet x="1" y="15"/><Cabinet x="2" y="4"/><Cabinet x="2" y="15"/><Cabinet x="11" y="15"><Item type="Pouch"/></Cabinet><Cabinet x="13" y="9"/><Cabinet x="16" y="1"/><Cabinet x="27" y="1"/><Cabinet x="30" y="4"/></Room><Room id="SE Hallway"><Cabinet x="1" y="7"><Item points="1950" quality="exquisite" type="Sapphire"/><Item type="KeyCard"/></Cabinet><Cabinet x="2" y="7"/><Item type="Weapon" weaponType="ScatterGun" x="30" y="7"/><Item points="1000" quality="rough" type="Sapphire" x="35" y="3"/><Item type="Weapon" weaponType="PaintballGun" x="35" y="8"/><Item type="Weapon" weaponType="LTSAGun" x="35" y="11"/><Item type="Weapon" weaponType="PaintballGun" x="38" y="7"/></Room><Room id="NE Hallway"><Player type="DavePlayer" x="276" y="276"><Weapon weaponType="LTSAGun"/><Item index="0" type="KeyCard"/><Item index="1" type="Torch"/><Item index="2" type="Map"/></Player><Cabinet x="2" y="8"><Item points="2400" quality="rare" type="Ruby"/></Cabinet><Cabinet x="11" y="3"><Item points="1950" quality="rough" type="Diamond"/></Cabinet><Cabinet x="11" y="4"><Item points="1400" quality="rough" type="Emerald"/></Cabinet><Cabinet x="17" y="12"/></Room><Room id="Courtyard"/><Room id="Courtyard Shed"><Cabinet x="1" y="1"/><Cabinet x="2" y="1"/><Cabinet x="3" y="1"/><Cabinet x="8" y="9"><Item type="Torch"/><Item points="2900" quality="exquisite" type="Diamond"/><Item type="Map"/><Item points="1000" quality="rough" type="Sapphire"/></Cabinet><Item type="Weapon" weaponType="LTSAGun" x="2" y="8"/><Item type="Weapon" weaponType="LTSAGun" x="4" y="1"/><Item type="Map" x="5" y="1"/><Item type="Weapon" weaponType="LTSAGun" x="7" y="6"/><Container type="Pouch" x="7" y="9"/></Room><Room id="Room 4"><Item type="Weapon" weaponType="LTSAGun" x="7" y="8"/><Item type="Weapon" weaponType="LTSAGun" x="13" y="6"/><Item points="1400" quality="rough" type="Emerald" x="15" y="6"/></Room><Room id="Classroom 102"><Cabinet x="1" y="1"><Item type="KeyCard"/><Item points="1400" quality="good" type="Sapphire"/></Cabinet><Item type="Weapon" weaponType="ScatterGun" x="1" y="4"/></Room><Room id="Classroom 101"><Cabinet x="9" y="1"/><Cabinet x="10" y="1"><Item points="1000" quality="rough" type="Sapphire"/></Cabinet><Cabinet x="12" y="1"><Item type="Pouch"/></Cabinet><Item type="KeyCard" x="2" y="10"/></Room><Room id="Server Room"><Item type="Weapon" weaponType="Pistol" x="18" y="2"/><Item type="Weapon" weaponType="ScatterGun" x="19" y="2"/><Item type="Map" x="19" y="3"/><Item type="Weapon" weaponType="PaintballGun" x="20" y="3"/><Item type="Weapon" weaponType="PaintballGun" x="21" y="1"/><Item type="Weapon" weaponType="PaintballGun" x="21" y="3"/><Item type="Map" x="22" y="2"/><Item type="Weapon" weaponType="Pistol" x="24" y="1"/><Item points="1950" quality="rough" type="Diamond" x="26" y="2"/></Room><Room id="Classroom 106"><Cabinet x="14" y="1"/><Item type="Weapon" weaponType="ScatterGun" x="3" y="5"/></Room><Room id="Room 1"><Cabinet x="1" y="1"/><Cabinet x="3" y="1"><Item points="1700" quality="rough" type="Ruby"/><Item points="2350" quality="good" type="Diamond"/></Cabinet><Cabinet x="4" y="1"/><Cabinet x="5" y="1"/><Cabinet x="6" y="1"><Item type="KeyCard"/></Cabinet><Item points="1950" quality="rough" type="Diamond" x="6" y="8"/></Room><Room id="Room 2"><Cabinet x="1" y="1"/><Cabinet x="13" y="7"/><Cabinet x="14" y="1"><Item points="1400" quality="rough" type="Emerald"/></Cabinet><Cabinet x="14" y="2"/><Cabinet x="14" y="7"/><Item type="Weapon" weaponType="Pistol" x="8" y="4"/></Room><Room id="Classroom 105"><Cabinet x="8" y="17"/><Item type="Weapon" weaponType="PaintballGun" x="1" y="9"/></Room><Room id="Classroom 104"><Item type="Weapon" weaponType="Pistol" x="2" y="9"/><Item type="Torch" x="7" y="10"/></Room><Room id="Room 3"><Cabinet x="16" y="5"/><Cabinet x="16" y="6"/><Container type="Pouch" x="1" y="6"/><Item type="Weapon" weaponType="ScatterGun" x="3" y="1"/><Item type="Weapon" weaponType="Pistol" x="5" y="5"/><Item points="1000" quality="rough" type="Sapphire" x="10" y="4"/></Room></Controller>