<?xml version="1.0" encoding="UTF-8" standalone="no"?><Controller><Room id="Classroom 103"><Cabinet x="10" y="7"/><Item points="2100" quality="good" type="Sapphire" x="9" y="9"/></Room><Room id="SW Hallway"><Cabinet x="14" y="11"><Item points="2700" quality="good" type="Emerald"/></Cabinet><Cabinet x="14" y="17"><Item points="2700" quality="good" type="Emerald"/><Item type="KeyCard"/></Cabinet><Item points="2700" quality="good" type="Emerald" x="6" y="25"/><Item points="3150" quality="rare" type="Emerald" x="7" y="13"/><Item points="2100" quality="rough" type="Emerald" x="7" y="23"/><Item type="Weapon" weaponType="ScatterGun" x="10" y="19"/></Room><Room id="NW Hallway"><Player type="DavePlayer" x="300" y="204"><Weapon weaponType="LTSAGun"/><Item index="0" type="KeyCard"/><Item index="1" type="Torch"/><Item index="2" type="Map"/></Player><Cabinet x="1" y="4"/><Cabinet x="1" y="15"/><Cabinet x="2" y="4"/><Cabinet x="2" y="15"><Item points="2700" quality="good" type="Emerald"/><Item type="Pouch"/></Cabinet><Cabinet x="11" y="15"><Item points="3525" quality="good" type="Diamond"/><Item points="2700" quality="good" type="Emerald"/></Cabinet><Cabinet x="13" y="9"/><Cabinet x="16" y="1"/><Cabinet x="27" y="1"><Item points="2100" quality="good" type="Sapphire"/><Item points="2100" quality="good" type="Sapphire"/></Cabinet><Cabinet x="30" y="4"><Item type="Map"/></Cabinet></Room><Room id="SE Hallway"><Cabinet x="1" y="7"><Item type="Map"/></Cabinet><Cabinet x="2" y="7"><Item points="2700" quality="good" type="Emerald"/><Item points="3525" quality="good" type="Diamond"/></Cabinet><Item type="Weapon" weaponType="LTSAGun" x="35" y="8"/><Item points="2100" quality="good" type="Sapphire" x="35" y="11"/></Room><Room id="NE Hallway"><Cabinet x="2" y="8"/><Cabinet x="11" y="3"/><Cabinet x="11" y="4"><Item type="Torch"/><Item points="1500" quality="rough" type="Sapphire"/></Cabinet><Cabinet x="17" y="12"><Item type="Pouch"/><Item points="1500" quality="rough" type="Sapphire"/><Item type="KeyCard"/><Item points="2550" quality="rare" type="Sapphire"/></Cabinet></Room><Room id="Courtyard"/><Room id="Courtyard Shed"><Cabinet x="1" y="1"><Item points="1500" quality="rough" type="Sapphire"/><Item points="1500" quality="rough" type="Sapphire"/></Cabinet><Cabinet x="2" y="1"/><Cabinet x="3" y="1"/><Cabinet x="8" y="9"><Item points="2100" quality="good" type="Sapphire"/><Item type="KeyCard"/><Item type="KeyCard"/></Cabinet><Item points="2550" quality="rough" type="Ruby" x="2" y="3"/><Item points="2100" quality="rough" type="Emerald" x="5" y="1"/><Item type="Weapon" weaponType="LTSAGun" x="7" y="7"/></Room><Room id="Yoga Room"><Item points="2550" quality="rough" type="Ruby" x="19" y="7"/><Item type="Map" x="20" y="4"/></Room><Room id="Classroom 102"><Cabinet x="1" y="1"><Item points="3525" quality="exquisite" type="Emerald"/></Cabinet><Item type="Weapon" weaponType="Pistol" x="1" y="4"/><Item type="Weapon" weaponType="ScatterGun" x="11" y="8"/></Room><Room id="Classroom 101"><Cabinet x="9" y="1"><Item points="2100" quality="good" type="Sapphire"/></Cabinet><Cabinet x="10" y="1"/><Cabinet x="12" y="1"/><Container type="Pouch" x="2" y="10"/><Item points="1500" quality="rough" type="Sapphire" x="5" y="8"/></Room><Room id="Server Room"><Item points="1500" quality="rough" type="Sapphire" x="18" y="1"/><Item type="Weapon" weaponType="LTSAGun" x="18" y="2"/><Item points="2550" quality="rare" type="Sapphire" x="18" y="3"/><Item points="2100" quality="good" type="Sapphire" x="19" y="3"/><Item type="Weapon" weaponType="PaintballGun" x="21" y="2"/><Item points="3525" quality="exquisite" type="Emerald" x="21" y="3"/><Item points="2100" quality="rough" type="Emerald" x="22" y="1"/><Item points="3525" quality="good" type="Diamond" x="22" y="2"/><Item type="Weapon" weaponType="LTSAGun" x="22" y="3"/><Item type="Torch" x="24" y="2"/><Item type="Weapon" weaponType="Pistol" x="24" y="3"/><Item points="3525" quality="exquisite" type="Emerald" x="25" y="3"/><Item type="Torch" x="26" y="2"/></Room><Room id="Classroom 106"><Cabinet x="14" y="1"/><Item type="Weapon" weaponType="ScatterGun" x="5" y="7"/></Room><Room id="The Closet"><Cabinet x="1" y="1"/><Cabinet x="3" y="1"><Item type="Torch"/></Cabinet><Cabinet x="4" y="1"><Item points="3600" quality="rare" type="Ruby"/></Cabinet><Cabinet x="5" y="1"><Item type="Torch"/></Cabinet><Cabinet x="6" y="1"/></Room><Room id="Library"><Cabinet x="1" y="1"><Item type="Pouch"/><Item points="2550" quality="rare" type="Sapphire"/><Item type="KeyCard"/></Cabinet><Cabinet x="13" y="7"><Item points="3975" quality="rare" type="Diamond"/></Cabinet><Cabinet x="14" y="1"><Item points="2100" quality="rough" type="Emerald"/></Cabinet><Cabinet x="14" y="2"><Item points="3600" quality="rare" type="Ruby"/><Item type="Map"/><Item type="Pouch"/></Cabinet><Cabinet x="14" y="7"><Item points="1500" quality="rough" type="Sapphire"/><Item points="2925" quality="exquisite" type="Sapphire"/></Cabinet><Item type="Weapon" weaponType="PaintballGun" x="11" y="5"/></Room><Room id="Classroom 105"><Cabinet x="8" y="17"/><Item type="Torch" x="1" y="9"/></Room><Room id="Classroom 104"><Item points="2100" quality="good" type="Sapphire" x="2" y="9"/></Room><Room id="Multipurpose Room"><Cabinet x="16" y="5"><Item points="2550" quality="rare" type="Sapphire"/></Cabinet><Cabinet x="16" y="6"><Item points="1500" quality="rough" type="Sapphire"/></Cabinet><Item type="Weapon" weaponType="ScatterGun" x="3" y="1"/><Item points="1500" quality="rough" type="Sapphire" x="10" y="4"/><Item points="3525" quality="good" type="Diamond" x="11" y="1"/><Item points="2550" quality="rare" type="Sapphire" x="15" y="1"/></Room></Controller>