<?xml version="1.0" encoding="UTF-8" standalone="no"?><Controller><Room id="Classroom 103"><Cabinet x="10" y="7"><Item type="Torch"/></Cabinet><Item type="Weapon" weaponType="LTSAGun" x="9" y="9"/></Room><Room id="SW Hallway"><Player type="DavePlayer" x="36" y="564"><Weapon weaponType="LTSAGun"/><Item index="0" type="KeyCard"/><Item index="1" type="Torch"/><Item index="2" type="Map"/></Player><Cabinet x="14" y="11"/><Cabinet x="14" y="17"/><Item points="2700" quality="good" type="Emerald" x="1" y="10"/><Item type="KeyCard" x="6" y="25"/><Item type="Weapon" weaponType="ScatterGun" x="7" y="5"/><Item points="3150" quality="good" type="Ruby" x="7" y="13"/><Item points="2100" quality="good" type="Sapphire" x="10" y="19"/><Item points="2100" quality="good" type="Sapphire" x="11" y="2"/><Item type="Weapon" weaponType="Pistol" x="11" y="17"/></Room><Room id="NW Hallway"><Cabinet x="1" y="4"/><Cabinet x="1" y="15"><Item points="1500" quality="rough" type="Sapphire"/></Cabinet><Cabinet x="2" y="4"><Item points="3525" quality="exquisite" type="Emerald"/></Cabinet><Cabinet x="2" y="15"><Item points="3150" quality="rare" type="Emerald"/></Cabinet><Cabinet x="11" y="15"><Item type="Torch"/></Cabinet><Cabinet x="13" y="9"><Item points="3975" quality="exquisite" type="Ruby"/><Item type="KeyCard"/></Cabinet><Cabinet x="16" y="1"/><Cabinet x="27" y="1"><Item points="2100" quality="rough" type="Emerald"/></Cabinet><Cabinet x="30" y="4"/></Room><Room id="SE Hallway"><Cabinet x="1" y="7"/><Cabinet x="2" y="7"><Item points="3150" quality="rare" type="Emerald"/></Cabinet><Item points="2700" quality="good" type="Emerald" x="12" y="10"/><Item points="2550" quality="rare" type="Sapphire" x="30" y="7"/><Item type="Weapon" weaponType="PaintballGun" x="35" y="3"/><Item points="3150" quality="rare" type="Emerald" x="38" y="7"/></Room><Room id="NE Hallway"><Cabinet x="2" y="8"><Item points="2100" quality="rough" type="Emerald"/></Cabinet><Cabinet x="11" y="3"><Item points="1500" quality="rough" type="Sapphire"/></Cabinet><Cabinet x="11" y="4"/><Cabinet x="17" y="12"><Item points="1500" quality="rough" type="Sapphire"/></Cabinet></Room><Room id="Courtyard"/><Room id="Courtyard Shed"><Cabinet x="1" y="1"><Item type="Torch"/><Item points="3975" quality="exquisite" type="Ruby"/><Item points="2100" quality="rough" type="Emerald"/></Cabinet><Cabinet x="2" y="1"><Item type="Torch"/></Cabinet><Cabinet x="3" y="1"/><Cabinet x="8" y="9"/><Item type="Torch" x="1" y="6"/><Item type="Weapon" weaponType="LTSAGun" x="2" y="5"/><Item type="Weapon" weaponType="ScatterGun" x="4" y="1"/><Item type="Weapon" weaponType="ScatterGun" x="5" y="4"/><Container type="Pouch" x="6" y="6"><Item points="1500" quality="rough" type="Sapphire"/></Container><Container type="Pouch" x="7" y="7"><Item points="1500" quality="rough" type="Sapphire"/><Item type="Torch"/></Container><Item type="Torch" x="7" y="9"/></Room><Room id="Yoga Room"><Item points="2700" quality="good" type="Emerald" x="2" y="5"/><Item points="3150" quality="rare" type="Emerald" x="15" y="6"/></Room><Room id="Classroom 102"><Cabinet x="1" y="1"><Item points="2925" quality="rough" type="Diamond"/><Item points="3525" quality="good" type="Diamond"/><Item points="2100" quality="good" type="Sapphire"/></Cabinet><Item points="3600" quality="rare" type="Ruby" x="10" y="4"/></Room><Room id="Classroom 101"><Cabinet x="9" y="1"><Item type="Torch"/></Cabinet><Cabinet x="10" y="1"/><Cabinet x="12" y="1"/><Item points="1500" quality="rough" type="Sapphire" x="5" y="8"/></Room><Room id="Server Room"><Item points="3600" quality="rare" type="Ruby" x="18" y="2"/><Item points="1500" quality="rough" type="Sapphire" x="18" y="3"/><Item type="Weapon" weaponType="LTSAGun" x="19" y="2"/><Item points="2925" quality="exquisite" type="Sapphire" x="20" y="2"/><Item type="Weapon" weaponType="PaintballGun" x="21" y="3"/><Item type="Weapon" weaponType="ScatterGun" x="24" y="3"/><Item points="2100" quality="good" type="Sapphire" x="26" y="1"/><Item points="2100" quality="rough" type="Emerald" x="26" y="2"/></Room><Room id="Classroom 106"><Cabinet x="14" y="1"><Item type="Map"/></Cabinet><Item type="Weapon" weaponType="LTSAGun" x="3" y="5"/><Item type="KeyCard" x="4" y="5"/><Container type="Pouch" x="5" y="7"><Item points="3600" quality="rare" type="Ruby"/><Item points="2100" quality="rough" type="Emerald"/></Container></Room><Room id="The Closet"><Cabinet x="1" y="1"><Item type="Map"/><Item points="3525" quality="good" type="Diamond"/></Cabinet><Cabinet x="3" y="1"/><Cabinet x="4" y="1"><Item points="3975" quality="rare" type="Diamond"/><Item type="Pouch"/><Item points="1500" quality="rough" type="Sapphire"/></Cabinet><Cabinet x="5" y="1"><Item type="KeyCard"/></Cabinet><Cabinet x="6" y="1"/><Item points="2925" quality="exquisite" type="Sapphire" x="6" y="8"/></Room><Room id="Library"><Cabinet x="1" y="1"><Item points="3150" quality="rare" type="Emerald"/></Cabinet><Cabinet x="13" y="7"/><Cabinet x="14" y="1"><Item type="KeyCard"/></Cabinet><Cabinet x="14" y="2"/><Cabinet x="14" y="7"/><Item type="KeyCard" x="8" y="4"/></Room><Room id="Classroom 105"><Cabinet x="8" y="17"><Item type="Pouch"/><Item points="2925" quality="rough" type="Diamond"/></Cabinet></Room><Room id="Classroom 104"><Item type="Weapon" weaponType="Pistol" x="2" y="9"/></Room><Room id="Multipurpose Room"><Cabinet x="16" y="5"><Item type="Map"/><Item points="2100" quality="rough" type="Emerald"/></Cabinet><Cabinet x="16" y="6"><Item points="2100" quality="good" type="Sapphire"/></Cabinet></Room></Controller>